{"level":"info","message":"Up and running!","timestamp":"2015-07-08T18:26:51.120Z"}
{"i":{"total":"1272054","first":0,"average":0},"o":{"total":"3887280","first":0,"average":0},"level":"info","message":"","timestamp":"2015-07-08T18:26:53.123Z"}
{"i":{"total":"1272344","first":290,"average":145},"o":{"total":"3887460","first":180,"average":90},"level":"info","message":"","timestamp":"2015-07-08T18:26:54.124Z"}
{"i":{"total":"1272446","first":102,"average":130.66666666666666},"o":{"total":"3887520","first":60,"average":80},"level":"info","message":"","timestamp":"2015-07-08T18:26:55.125Z"}
{"level":"info","message":"Up and running!","timestamp":"2015-07-08T18:27:33.345Z"}
{"i":{"total":"1280030","first":0,"average":0},"o":{"total":"3901300","first":0,"average":0},"level":"info","message":"","timestamp":"2015-07-08T18:27:35.348Z"}
{"i":{"total":"1280030","first":0,"average":0},"o":{"total":"3901300","first":0,"average":0},"level":"info","message":"","timestamp":"2015-07-08T18:27:36.348Z"}
{"i":{"total":"1280030","first":0,"average":0},"o":{"total":"3901300","first":0,"average":0},"level":"info","message":"","timestamp":"2015-07-08T18:27:37.349Z"}
{"i":{"total":"1280030","first":0,"average":0},"o":{"total":"3901300","first":0,"average":0},"level":"info","message":"","timestamp":"2015-07-08T18:27:38.352Z"}
{"i":{"total":"1280030","first":0,"average":0},"o":{"total":"3901300","first":0,"average":0},"level":"info","message":"","timestamp":"2015-07-08T18:27:39.352Z"}
{"i":{"total":"1280030","first":0,"average":0},"o":{"total":"3901300","first":0,"average":0},"level":"info","message":"","timestamp":"2015-07-08T18:27:40.358Z"}
{"i":{"total":"1280030","first":0,"average":0},"o":{"total":"3901300","first":0,"average":0},"level":"info","message":"","timestamp":"2015-07-08T18:27:41.363Z"}
{"i":{"total":"1280030","first":0,"average":0},"o":{"total":"3901300","first":0,"average":0},"level":"info","message":"","timestamp":"2015-07-08T18:27:42.366Z"}
{"i":{"total":"1280030","first":0,"average":0},"o":{"total":"3901300","first":0,"average":0},"level":"info","message":"","timestamp":"2015-07-08T18:27:43.369Z"}
{"i":{"total":"1280030","first":0,"average":0},"o":{"total":"3901300","first":0,"average":0},"level":"info","message":"","timestamp":"2015-07-08T18:27:44.370Z"}
{"i":{"total":"1280030","first":0,"average":0},"o":{"total":"3901300","first":0,"average":0},"level":"info","message":"","timestamp":"2015-07-08T18:27:45.370Z"}
{"i":{"total":"1280030","first":0,"average":0},"o":{"total":"3901300","first":0,"average":0},"level":"info","message":"","timestamp":"2015-07-08T18:27:46.373Z"}
{"i":{"total":"1280030","first":0,"average":0},"o":{"total":"3901300","first":0,"average":0},"level":"info","message":"","timestamp":"2015-07-08T18:27:47.373Z"}
{"i":{"total":"1280030","first":0,"average":0},"o":{"total":"3901300","first":0,"average":0},"level":"info","message":"","timestamp":"2015-07-08T18:27:48.375Z"}
{"i":{"total":"1280030","first":0,"average":0},"o":{"total":"3901300","first":0,"average":0},"level":"info","message":"","timestamp":"2015-07-08T18:27:49.377Z"}
{"i":{"total":"1280030","first":0,"average":0},"o":{"total":"3901300","first":0,"average":0},"level":"info","message":"","timestamp":"2015-07-08T18:27:50.379Z"}
{"i":{"total":"1280030","first":0,"average":0},"o":{"total":"3901300","first":0,"average":0},"level":"info","message":"","timestamp":"2015-07-08T18:27:51.379Z"}
{"i":{"total":"1280030","first":0,"average":0},"o":{"total":"3901300","first":0,"average":0},"level":"info","message":"","timestamp":"2015-07-08T18:27:52.382Z"}
{"i":{"total":"1280030","first":0,"average":0},"o":{"total":"3901300","first":0,"average":0},"level":"info","message":"","timestamp":"2015-07-08T18:27:53.382Z"}
{"i":{"total":"1280030","first":0,"average":0},"o":{"total":"3901300","first":0,"average":0},"level":"info","message":"","timestamp":"2015-07-08T18:27:54.384Z"}
{"i":{"total":"1280030","first":0,"average":0},"o":{"total":"3901300","first":0,"average":0},"level":"info","message":"","timestamp":"2015-07-08T18:27:55.386Z"}
{"i":{"total":"1280030","first":0,"average":0},"o":{"total":"3901300","first":0,"average":0},"level":"info","message":"","timestamp":"2015-07-08T18:27:56.387Z"}
{"i":{"total":"1280030","first":0,"average":0},"o":{"total":"3901300","first":0,"average":0},"level":"info","message":"","timestamp":"2015-07-08T18:27:57.389Z"}
{"i":{"total":"1280030","first":0,"average":0},"o":{"total":"3901300","first":0,"average":0},"level":"info","message":"","timestamp":"2015-07-08T18:27:58.390Z"}
{"i":{"total":"1280030","first":0,"average":0},"o":{"total":"3901300","first":0,"average":0},"level":"info","message":"","timestamp":"2015-07-08T18:27:59.392Z"}
{"i":{"total":"1280030","first":0,"average":0},"o":{"total":"3901300","first":0,"average":0},"level":"info","message":"","timestamp":"2015-07-08T18:28:00.396Z"}
{"i":{"total":"1280030","first":0,"average":0},"o":{"total":"3901300","first":0,"average":0},"level":"info","message":"","timestamp":"2015-07-08T18:28:01.399Z"}
{"i":{"total":"1280030","first":0,"average":0},"o":{"total":"3901300","first":0,"average":0},"level":"info","message":"","timestamp":"2015-07-08T18:28:02.399Z"}
{"i":{"total":"1280030","first":0,"average":0},"o":{"total":"3901300","first":0,"average":0},"level":"info","message":"","timestamp":"2015-07-08T18:28:03.400Z"}
{"i":{"total":"1280030","first":0,"average":0},"o":{"total":"3901300","first":0,"average":0},"level":"info","message":"","timestamp":"2015-07-08T18:28:04.402Z"}
{"i":{"total":"1280030","first":0,"average":0},"o":{"total":"3901300","first":0,"average":0},"level":"info","message":"","timestamp":"2015-07-08T18:28:05.404Z"}
{"i":{"total":"1280030","first":0,"average":0},"o":{"total":"3901300","first":0,"average":0},"level":"info","message":"","timestamp":"2015-07-08T18:28:06.406Z"}
{"i":{"total":"1280030","first":0,"average":0},"o":{"total":"3901300","first":0,"average":0},"level":"info","message":"","timestamp":"2015-07-08T18:28:07.410Z"}
{"i":{"total":"1280030","first":0,"average":0},"o":{"total":"3901300","first":0,"average":0},"level":"info","message":"","timestamp":"2015-07-08T18:28:08.408Z"}
{"i":{"total":"1280030","first":0,"average":0},"o":{"total":"3901300","first":0,"average":0},"level":"info","message":"","timestamp":"2015-07-08T18:28:09.409Z"}
{"i":{"total":"1280030","first":0,"average":0},"o":{"total":"3901300","first":0,"average":0},"level":"info","message":"","timestamp":"2015-07-08T18:28:10.412Z"}
{"i":{"total":"1280030","first":0,"average":0},"o":{"total":"3901300","first":0,"average":0},"level":"info","message":"","timestamp":"2015-07-08T18:28:11.414Z"}
{"i":{"total":"1280030","first":0,"average":0},"o":{"total":"3901300","first":0,"average":0},"level":"info","message":"","timestamp":"2015-07-08T18:28:12.416Z"}
{"i":{"total":"1280030","first":0,"average":0},"o":{"total":"3901300","first":0,"average":0},"level":"info","message":"","timestamp":"2015-07-08T18:28:13.420Z"}
{"i":{"total":"1280030","first":0,"average":0},"o":{"total":"3901300","first":0,"average":0},"level":"info","message":"","timestamp":"2015-07-08T18:28:14.422Z"}
{"i":{"total":"1280030","first":0,"average":0},"o":{"total":"3901300","first":0,"average":0},"level":"info","message":"","timestamp":"2015-07-08T18:28:15.422Z"}
{"i":{"total":"1280030","first":0,"average":0},"o":{"total":"3901300","first":0,"average":0},"level":"info","message":"","timestamp":"2015-07-08T18:28:16.424Z"}
{"i":{"total":"1280030","first":0,"average":0},"o":{"total":"3901300","first":0,"average":0},"level":"info","message":"","timestamp":"2015-07-08T18:28:17.425Z"}
{"i":{"total":"1280030","first":0,"average":0},"o":{"total":"3901300","first":0,"average":0},"level":"info","message":"","timestamp":"2015-07-08T18:28:18.429Z"}
{"i":{"total":"1280030","first":0,"average":0},"o":{"total":"3901300","first":0,"average":0},"level":"info","message":"","timestamp":"2015-07-08T18:28:19.433Z"}
{"i":{"total":"1280030","first":0,"average":0},"o":{"total":"3901300","first":0,"average":0},"level":"info","message":"","timestamp":"2015-07-08T18:28:20.436Z"}
{"i":{"total":"1280030","first":0,"average":0},"o":{"total":"3901300","first":0,"average":0},"level":"info","message":"","timestamp":"2015-07-08T18:28:21.438Z"}
{"i":{"total":"1280030","first":0,"average":0},"o":{"total":"3901300","first":0,"average":0},"level":"info","message":"","timestamp":"2015-07-08T18:28:22.439Z"}
{"i":{"total":"1280030","first":0,"average":0},"o":{"total":"3901300","first":0,"average":0},"level":"info","message":"","timestamp":"2015-07-08T18:28:23.441Z"}
{"i":{"total":"1280030","first":0,"average":0},"o":{"total":"3901300","first":0,"average":0},"level":"info","message":"","timestamp":"2015-07-08T18:28:24.441Z"}
{"i":{"total":"1280030","first":0,"average":0},"o":{"total":"3901300","first":0,"average":0},"level":"info","message":"","timestamp":"2015-07-08T18:28:25.442Z"}
{"i":{"total":"1280030","first":0,"average":0},"o":{"total":"3901300","first":0,"average":0},"level":"info","message":"","timestamp":"2015-07-08T18:28:26.444Z"}
{"i":{"total":"1280030","first":0,"average":0},"o":{"total":"3901300","first":0,"average":0},"level":"info","message":"","timestamp":"2015-07-08T18:28:27.446Z"}
{"i":{"total":"1280030","first":0,"average":0},"o":{"total":"3901300","first":0,"average":0},"level":"info","message":"","timestamp":"2015-07-08T18:28:28.447Z"}
{"i":{"total":"1280030","first":0,"average":0},"o":{"total":"3901300","first":0,"average":0},"level":"info","message":"","timestamp":"2015-07-08T18:28:29.449Z"}
{"i":{"total":"1280030","first":0,"average":0},"o":{"total":"3901300","first":0,"average":0},"level":"info","message":"","timestamp":"2015-07-08T18:28:30.452Z"}
{"i":{"total":"1280030","first":0,"average":0},"o":{"total":"3901300","first":0,"average":0},"level":"info","message":"","timestamp":"2015-07-08T18:28:31.455Z"}
{"i":{"total":"1280030","first":0,"average":0},"o":{"total":"3901300","first":0,"average":0},"level":"info","message":"","timestamp":"2015-07-08T18:28:32.457Z"}
{"i":{"total":"1280030","first":0,"average":0},"o":{"total":"3901300","first":0,"average":0},"level":"info","message":"","timestamp":"2015-07-08T18:28:33.457Z"}
{"i":{"total":"1280030","first":0,"average":0},"o":{"total":"3901300","first":0,"average":0},"level":"info","message":"","timestamp":"2015-07-08T18:28:34.459Z"}
{"i":{"total":"1280030","first":0,"average":0},"o":{"total":"3901300","first":0,"average":0},"level":"info","message":"","timestamp":"2015-07-08T18:28:35.461Z"}
{"i":{"total":"1280030","first":0,"average":0},"o":{"total":"3901300","first":0,"average":0},"level":"info","message":"","timestamp":"2015-07-08T18:28:36.463Z"}
{"i":{"total":"1280030","first":0,"average":0},"o":{"total":"3901300","first":0,"average":0},"level":"info","message":"","timestamp":"2015-07-08T18:28:37.464Z"}
{"i":{"total":"1280030","first":0,"average":0},"o":{"total":"3901300","first":0,"average":0},"level":"info","message":"","timestamp":"2015-07-08T18:28:38.466Z"}
{"level":"info","message":"Up and running!","timestamp":"2015-07-08T18:30:33.697Z"}
{"i":{"total":"1308664","first":0,"average":0},"o":{"total":"3963914","first":0,"average":0},"level":"info","message":"","timestamp":"2015-07-08T18:30:35.703Z"}
{"i":{"total":"1308798","first":134,"average":67},"o":{"total":"3963974","first":60,"average":30},"level":"info","message":"","timestamp":"2015-07-08T18:30:36.705Z"}
{"i":{"total":"1308900","first":102,"average":78.66666666666667},"o":{"total":"3964034","first":60,"average":40},"level":"info","message":"","timestamp":"2015-07-08T18:30:37.707Z"}
{"i":{"total":"1309002","first":102,"average":84.5},"o":{"total":"3964094","first":60,"average":45},"level":"info","message":"","timestamp":"2015-07-08T18:30:38.708Z"}
{"i":{"total":"1309104","first":102,"average":88},"o":{"total":"3964154","first":60,"average":48},"level":"info","message":"","timestamp":"2015-07-08T18:30:39.710Z"}
{"i":{"total":"1309206","first":102,"average":90.33333333333333},"o":{"total":"3964214","first":60,"average":50},"level":"info","message":"","timestamp":"2015-07-08T18:30:40.711Z"}
{"i":{"total":"1309308","first":102,"average":92},"o":{"total":"3964274","first":60,"average":51.42857142857143},"level":"info","message":"","timestamp":"2015-07-08T18:30:41.717Z"}
{"i":{"total":"1309410","first":102,"average":93.25},"o":{"total":"3964334","first":60,"average":52.5},"level":"info","message":"","timestamp":"2015-07-08T18:30:42.720Z"}
{"i":{"total":"1309512","first":102,"average":94.22222222222223},"o":{"total":"3964394","first":60,"average":53.333333333333336},"level":"info","message":"","timestamp":"2015-07-08T18:30:43.723Z"}
{"i":{"total":"1309614","first":102,"average":95},"o":{"total":"3964454","first":60,"average":54},"level":"info","message":"","timestamp":"2015-07-08T18:30:44.725Z"}
{"i":{"total":"1309716","first":102,"average":95.63636363636364},"o":{"total":"3964514","first":60,"average":54.54545454545455},"level":"info","message":"","timestamp":"2015-07-08T18:30:45.726Z"}
{"i":{"total":"1309818","first":102,"average":96.16666666666667},"o":{"total":"3964574","first":60,"average":55},"level":"info","message":"","timestamp":"2015-07-08T18:30:46.729Z"}
{"i":{"total":"1309920","first":102,"average":96.61538461538461},"o":{"total":"3964634","first":60,"average":55.38461538461539},"level":"info","message":"","timestamp":"2015-07-08T18:30:47.732Z"}
{"i":{"total":"1310022","first":102,"average":97},"o":{"total":"3964694","first":60,"average":55.714285714285715},"level":"info","message":"","timestamp":"2015-07-08T18:30:48.735Z"}
{"i":{"total":"1310124","first":102,"average":97.33333333333333},"o":{"total":"3964754","first":60,"average":56},"level":"info","message":"","timestamp":"2015-07-08T18:30:49.738Z"}
{"i":{"total":"1310226","first":102,"average":97.625},"o":{"total":"3964814","first":60,"average":56.25},"level":"info","message":"","timestamp":"2015-07-08T18:30:50.741Z"}
{"i":{"total":"1310328","first":102,"average":97.88235294117646},"o":{"total":"3964874","first":60,"average":56.470588235294116},"level":"info","message":"","timestamp":"2015-07-08T18:30:51.743Z"}
{"i":{"total":"1310430","first":102,"average":98.11111111111111},"o":{"total":"3964934","first":60,"average":56.666666666666664},"level":"info","message":"","timestamp":"2015-07-08T18:30:52.747Z"}
{"i":{"total":"1310532","first":102,"average":98.3157894736842},"o":{"total":"3964994","first":60,"average":56.8421052631579},"level":"info","message":"","timestamp":"2015-07-08T18:30:53.749Z"}
{"i":{"total":"1310634","first":102,"average":98.5},"o":{"total":"3965054","first":60,"average":57},"level":"info","message":"","timestamp":"2015-07-08T18:30:54.751Z"}
{"i":{"total":"1310736","first":102,"average":98.66666666666667},"o":{"total":"3965114","first":60,"average":57.142857142857146},"level":"info","message":"","timestamp":"2015-07-08T18:30:55.753Z"}
{"i":{"total":"1310838","first":102,"average":98.81818181818181},"o":{"total":"3965174","first":60,"average":57.27272727272727},"level":"info","message":"","timestamp":"2015-07-08T18:30:56.755Z"}
{"i":{"total":"1310940","first":102,"average":98.95652173913044},"o":{"total":"3965234","first":60,"average":57.391304347826086},"level":"info","message":"","timestamp":"2015-07-08T18:30:57.757Z"}
{"i":{"total":"1311042","first":102,"average":99.08333333333333},"o":{"total":"3965294","first":60,"average":57.5},"level":"info","message":"","timestamp":"2015-07-08T18:30:58.758Z"}
{"i":{"total":"1311144","first":102,"average":99.2},"o":{"total":"3965354","first":60,"average":57.6},"level":"info","message":"","timestamp":"2015-07-08T18:30:59.761Z"}
{"i":{"total":"1311246","first":102,"average":99.3076923076923},"o":{"total":"3965414","first":60,"average":57.69230769230769},"level":"info","message":"","timestamp":"2015-07-08T18:31:00.760Z"}
{"i":{"total":"1311348","first":102,"average":99.4074074074074},"o":{"total":"3965474","first":60,"average":57.77777777777778},"level":"info","message":"","timestamp":"2015-07-08T18:31:01.761Z"}
{"i":{"total":"1311450","first":102,"average":99.5},"o":{"total":"3965534","first":60,"average":57.857142857142854},"level":"info","message":"","timestamp":"2015-07-08T18:31:02.762Z"}
{"i":{"total":"1311552","first":102,"average":99.58620689655173},"o":{"total":"3965594","first":60,"average":57.93103448275862},"level":"info","message":"","timestamp":"2015-07-08T18:31:03.763Z"}
{"i":{"total":"1311654","first":102,"average":99.66666666666667},"o":{"total":"3965654","first":60,"average":58},"level":"info","message":"","timestamp":"2015-07-08T18:31:04.764Z"}
{"i":{"total":"1311756","first":102,"average":99.74193548387096},"o":{"total":"3965714","first":60,"average":58.064516129032256},"level":"info","message":"","timestamp":"2015-07-08T18:31:05.767Z"}
{"i":{"total":"1311858","first":102,"average":99.8125},"o":{"total":"3965774","first":60,"average":58.125},"level":"info","message":"","timestamp":"2015-07-08T18:31:06.767Z"}
{"i":{"total":"1311960","first":102,"average":99.87878787878788},"o":{"total":"3965834","first":60,"average":58.18181818181818},"level":"info","message":"","timestamp":"2015-07-08T18:31:07.767Z"}
{"i":{"total":"1312062","first":102,"average":99.94117647058823},"o":{"total":"3965894","first":60,"average":58.23529411764706},"level":"info","message":"","timestamp":"2015-07-08T18:31:08.767Z"}
{"i":{"total":"1312164","first":102,"average":100},"o":{"total":"3965954","first":60,"average":58.285714285714285},"level":"info","message":"","timestamp":"2015-07-08T18:31:09.767Z"}
{"i":{"total":"1312266","first":102,"average":100.05555555555556},"o":{"total":"3966014","first":60,"average":58.333333333333336},"level":"info","message":"","timestamp":"2015-07-08T18:31:10.769Z"}
{"i":{"total":"1312368","first":102,"average":100.10810810810811},"o":{"total":"3966074","first":60,"average":58.37837837837838},"level":"info","message":"","timestamp":"2015-07-08T18:31:11.772Z"}
{"i":{"total":"1312470","first":102,"average":100.15789473684211},"o":{"total":"3966134","first":60,"average":58.421052631578945},"level":"info","message":"","timestamp":"2015-07-08T18:31:12.775Z"}
{"i":{"total":"1312572","first":102,"average":100.2051282051282},"o":{"total":"3966194","first":60,"average":58.46153846153846},"level":"info","message":"","timestamp":"2015-07-08T18:31:13.776Z"}
{"i":{"total":"1312674","first":102,"average":100.25},"o":{"total":"3966254","first":60,"average":58.5},"level":"info","message":"","timestamp":"2015-07-08T18:31:14.778Z"}
{"i":{"total":"1312776","first":102,"average":100.29268292682927},"o":{"total":"3966314","first":60,"average":58.53658536585366},"level":"info","message":"","timestamp":"2015-07-08T18:31:15.780Z"}
{"i":{"total":"1312878","first":102,"average":100.33333333333333},"o":{"total":"3966374","first":60,"average":58.57142857142857},"level":"info","message":"","timestamp":"2015-07-08T18:31:16.780Z"}
{"i":{"total":"1312980","first":102,"average":100.37209302325581},"o":{"total":"3966434","first":60,"average":58.604651162790695},"level":"info","message":"","timestamp":"2015-07-08T18:31:17.783Z"}
{"i":{"total":"1313082","first":102,"average":100.4090909090909},"o":{"total":"3966494","first":60,"average":58.63636363636363},"level":"info","message":"","timestamp":"2015-07-08T18:31:18.785Z"}
{"i":{"total":"1313184","first":102,"average":100.44444444444444},"o":{"total":"3966554","first":60,"average":58.666666666666664},"level":"info","message":"","timestamp":"2015-07-08T18:31:19.787Z"}
{"i":{"total":"1313286","first":102,"average":100.47826086956522},"o":{"total":"3966614","first":60,"average":58.69565217391305},"level":"info","message":"","timestamp":"2015-07-08T18:31:20.788Z"}
{"i":{"total":"1313388","first":102,"average":100.51063829787235},"o":{"total":"3966674","first":60,"average":58.723404255319146},"level":"info","message":"","timestamp":"2015-07-08T18:31:21.791Z"}
{"i":{"total":"1313490","first":102,"average":100.54166666666667},"o":{"total":"3966734","first":60,"average":58.75},"level":"info","message":"","timestamp":"2015-07-08T18:31:22.795Z"}
{"i":{"total":"1313592","first":102,"average":100.57142857142857},"o":{"total":"3966794","first":60,"average":58.775510204081634},"level":"info","message":"","timestamp":"2015-07-08T18:31:23.797Z"}
{"i":{"total":"1313694","first":102,"average":100.6},"o":{"total":"3966854","first":60,"average":58.8},"level":"info","message":"","timestamp":"2015-07-08T18:31:24.800Z"}
{"i":{"total":"1313796","first":102,"average":100.62745098039215},"o":{"total":"3966914","first":60,"average":58.8235294117647},"level":"info","message":"","timestamp":"2015-07-08T18:31:25.801Z"}
{"i":{"total":"1313898","first":102,"average":100.65384615384616},"o":{"total":"3966974","first":60,"average":58.84615384615385},"level":"info","message":"","timestamp":"2015-07-08T18:31:26.803Z"}
{"i":{"total":"1314000","first":102,"average":100.67924528301887},"o":{"total":"3967034","first":60,"average":58.867924528301884},"level":"info","message":"","timestamp":"2015-07-08T18:31:27.807Z"}
{"i":{"total":"1314102","first":102,"average":100.70370370370371},"o":{"total":"3967094","first":60,"average":58.888888888888886},"level":"info","message":"","timestamp":"2015-07-08T18:31:28.809Z"}
{"i":{"total":"1314204","first":102,"average":100.72727272727273},"o":{"total":"3967154","first":60,"average":58.90909090909091},"level":"info","message":"","timestamp":"2015-07-08T18:31:29.811Z"}
{"i":{"total":"1314306","first":102,"average":100.75},"o":{"total":"3967214","first":60,"average":58.92857142857143},"level":"info","message":"","timestamp":"2015-07-08T18:31:30.812Z"}
{"i":{"total":"1314408","first":102,"average":100.7719298245614},"o":{"total":"3967274","first":60,"average":58.94736842105263},"level":"info","message":"","timestamp":"2015-07-08T18:31:31.814Z"}
{"i":{"total":"1314510","first":102,"average":100.79310344827586},"o":{"total":"3967334","first":60,"average":58.96551724137931},"level":"info","message":"","timestamp":"2015-07-08T18:31:32.815Z"}
{"i":{"total":"1314612","first":102,"average":100.8135593220339},"o":{"total":"3967394","first":60,"average":58.983050847457626},"level":"info","message":"","timestamp":"2015-07-08T18:31:33.816Z"}
{"i":{"total":"1314714","first":102,"average":100.83333333333333},"o":{"total":"3967454","first":60,"average":59},"level":"info","message":"","timestamp":"2015-07-08T18:31:34.817Z"}
{"i":{"total":"1314816","first":102,"average":102.53333333333333},"o":{"total":"3967514","first":60,"average":60},"level":"info","message":"","timestamp":"2015-07-08T18:31:35.818Z"}
{"i":{"total":"1314918","first":102,"average":102},"o":{"total":"3967574","first":60,"average":60},"level":"info","message":"","timestamp":"2015-07-08T18:31:36.819Z"}
{"i":{"total":"1315020","first":102,"average":102},"o":{"total":"3967634","first":60,"average":60},"level":"info","message":"","timestamp":"2015-07-08T18:31:37.820Z"}
{"i":{"total":"1315106","first":86,"average":101.73333333333333},"o":{"total":"3967694","first":60,"average":60},"level":"info","message":"","timestamp":"2015-07-08T18:31:38.821Z"}
